# JRE version: Java(TM) SE Runtime Environment (8.0_191-b12) (build 1.8.0_191-b12)
# Java VM: Java HotSpot(TM) 64-Bit Server VM (25.191-b12 mixed mode bsd-amd64 compressed oops)
Heap:
 PSYoungGen      total 27136K, used 9489K [0x00000007bab00000, 0x00000007bc980000, 0x00000007c0000000)
  eden space 25088K, 37% used [0x00000007bab00000,0x00000007bb4447d8,0x00000007bc380000)
  from space 2048K, 0% used [0x00000007bc380000,0x00000007bc380000,0x00000007bc580000)
  to   space 2048K, 0% used [0x00000007bc780000,0x00000007bc780000,0x00000007bc980000)
 ParOldGen       total 98816K, used 43477K [0x00000007b0000000, 0x00000007b6080000, 0x00000007bab00000)
  object space 98816K, 43% used [0x00000007b0000000,0x00000007b2a75550,0x00000007b6080000)
 Metaspace       used 49023K, capacity 52846K, committed 53248K, reserved 1093632K
  class space    used 7299K, capacity 8387K, committed 8448K, reserved 1048576K
GC Heap History (10 events):
Event: 3552.187 GC heap before
{Heap before GC invocations=423 (full 5):
 PSYoungGen      total 27136K, used 26624K [0x00000007bab00000, 0x00000007bc780000, 0x00000007c0000000)
  eden space 25088K, 100% used [0x00000007bab00000,0x00000007bc380000,0x00000007bc380000)
  from space 2048K, 75% used [0x00000007bc380000,0x00000007bc500080,0x00000007bc580000)
  to   space 2048K, 0% used [0x00000007bc580000,0x00000007bc580000,0x00000007bc780000)
 ParOldGen       total 99840K, used 87943K [0x00000007b0000000, 0x00000007b6180000, 0x00000007bab00000)
  object space 99840K, 88% used [0x00000007b0000000,0x00000007b55e1eb8,0x00000007b6180000)
 Metaspace       used 49064K, capacity 52888K, committed 52992K, reserved 1093632K
  class space    used 7307K, capacity 8378K, committed 8448K, reserved 1048576K
Event: 3552.191 GC heap after
Heap after GC invocations=423 (full 5):
 PSYoungGen      total 27136K, used 1536K [0x00000007bab00000, 0x00000007bc780000, 0x00000007c0000000)
  eden space 25088K, 0% used [0x00000007bab00000,0x00000007bab00000,0x00000007bc380000)
  from space 2048K, 75% used [0x00000007bc580000,0x00000007bc700080,0x00000007bc780000)
  to   space 2048K, 0% used [0x00000007bc380000,0x00000007bc380000,0x00000007bc580000)
 ParOldGen       total 99840K, used 88047K [0x00000007b0000000, 0x00000007b6180000, 0x00000007bab00000)
  object space 99840K, 88% used [0x00000007b0000000,0x00000007b55fbeb8,0x00000007b6180000)
 Metaspace       used 49064K, capacity 52888K, committed 52992K, reserved 1093632K
  class space    used 7307K, capacity 8378K, committed 8448K, reserved 1048576K
}
Event: 3572.430 GC heap before
{Heap before GC invocations=424 (full 5):
 PSYoungGen      total 27136K, used 26624K [0x00000007bab00000, 0x00000007bc780000, 0x00000007c0000000)
  eden space 25088K, 100% used [0x00000007bab00000,0x00000007bc380000,0x00000007bc380000)
  from space 2048K, 75% used [0x00000007bc580000,0x00000007bc700080,0x00000007bc780000)
  to   space 2048K, 0% used [0x00000007bc380000,0x00000007bc380000,0x00000007bc580000)
 ParOldGen       total 99840K, used 88047K [0x00000007b0000000, 0x00000007b6180000, 0x00000007bab00000)
  object space 99840K, 88% used [0x00000007b0000000,0x00000007b55fbeb8,0x00000007b6180000)
 Metaspace       used 49064K, capacity 52888K, committed 52992K, reserved 1093632K
  class space    used 7307K, capacity 8378K, committed 8448K, reserved 1048576K
Event: 3572.457 GC heap after
Heap after GC invocations=424 (full 5):
 PSYoungGen      total 27136K, used 1568K [0x00000007bab00000, 0x00000007bc780000, 0x00000007c0000000)
  eden space 25088K, 0% used [0x00000007bab00000,0x00000007bab00000,0x00000007bc380000)
  from space 2048K, 76% used [0x00000007bc380000,0x00000007bc508080,0x00000007bc580000)
  to   space 2048K, 0% used [0x00000007bc580000,0x00000007bc580000,0x00000007bc780000)
 ParOldGen       total 99840K, used 88151K [0x00000007b0000000, 0x00000007b6180000, 0x00000007bab00000)
  object space 99840K, 88% used [0x00000007b0000000,0x00000007b5615ec8,0x00000007b6180000)
 Metaspace       used 49064K, capacity 52888K, committed 52992K, reserved 1093632K
  class space    used 7307K, capacity 8378K, committed 8448K, reserved 1048576K
}
Event: 3576.348 GC heap before
{Heap before GC invocations=425 (full 5):
 PSYoungGen      total 27136K, used 26656K [0x00000007bab00000, 0x00000007bc780000, 0x00000007c0000000)
  eden space 25088K, 100% used [0x00000007bab00000,0x00000007bc380000,0x00000007bc380000)
  from space 2048K, 76% used [0x00000007bc380000,0x00000007bc508080,0x00000007bc580000)
  to   space 2048K, 0% used [0x00000007bc580000,0x00000007bc580000,0x00000007bc780000)
 ParOldGen       total 114688K, used 102855K [0x00000007b0000000, 0x00000007b7000000, 0x00000007bab00000)
  object space 114688K, 89% used [0x00000007b0000000,0x00000007b6471d38,0x00000007b7000000)
 Metaspace       used 49093K, capacity 52888K, committed 52992K, reserved 1093632K
  class space    used 7310K, capacity 8378K, committed 8448K, reserved 1048576K
Event: 3576.352 GC heap after
Heap after GC invocations=425 (full 5):
 PSYoungGen      total 27136K, used 2047K [0x00000007bab00000, 0x00000007bc780000, 0x00000007c0000000)
  eden space 25088K, 0% used [0x00000007bab00000,0x00000007bab00000,0x00000007bc380000)
  from space 2048K, 99% used [0x00000007bc580000,0x00000007bc77fe60,0x00000007bc780000)
  to   space 2048K, 0% used [0x00000007bc380000,0x00000007bc380000,0x00000007bc580000)
 ParOldGen       total 114688K, used 103108K [0x00000007b0000000, 0x00000007b7000000, 0x00000007bab00000)
  object space 114688K, 89% used [0x00000007b0000000,0x00000007b64b1150,0x00000007b7000000)
 Metaspace       used 49093K, capacity 52888K, committed 52992K, reserved 1093632K
  class space    used 7310K, capacity 8378K, committed 8448K, reserved 1048576K
}
Event: 3577.707 GC heap before
{Heap before GC invocations=426 (full 5):
 PSYoungGen      total 27136K, used 26859K [0x00000007bab00000, 0x00000007bc780000, 0x00000007c0000000)
  eden space 25088K, 98% used [0x00000007bab00000,0x00000007bc33ae80,0x00000007bc380000)
  from space 2048K, 99% used [0x00000007bc580000,0x00000007bc77fe60,0x00000007bc780000)
  to   space 2048K, 0% used [0x00000007bc380000,0x00000007bc380000,0x00000007bc580000)
 ParOldGen       total 114688K, used 103108K [0x00000007b0000000, 0x00000007b7000000, 0x00000007bab00000)
  object space 114688K, 89% used [0x00000007b0000000,0x00000007b64b1150,0x00000007b7000000)
 Metaspace       used 49106K, capacity 52984K, committed 53248K, reserved 1093632K
  class space    used 7312K, capacity 8410K, committed 8448K, reserved 1048576K
Event: 3577.723 GC heap after
Heap after GC invocations=426 (full 5):
 PSYoungGen      total 27136K, used 1644K [0x00000007bab00000, 0x00000007bc980000, 0x00000007c0000000)
  eden space 25088K, 0% used [0x00000007bab00000,0x00000007bab00000,0x00000007bc380000)
  from space 2048K, 80% used [0x00000007bc380000,0x00000007bc51b390,0x00000007bc580000)
  to   space 2048K, 0% used [0x00000007bc780000,0x00000007bc780000,0x00000007bc980000)
 ParOldGen       total 114688K, used 114288K [0x00000007b0000000, 0x00000007b7000000, 0x00000007bab00000)
  object space 114688K, 99% used [0x00000007b0000000,0x00000007b6f9c048,0x00000007b7000000)
 Metaspace       used 49106K, capacity 52984K, committed 53248K, reserved 1093632K
  class space    used 7312K, capacity 8410K, committed 8448K, reserved 1048576K
}
Event: 3577.724 GC heap before
{Heap before GC invocations=427 (full 6):
 PSYoungGen      total 27136K, used 1644K [0x00000007bab00000, 0x00000007bc980000, 0x00000007c0000000)
  eden space 25088K, 0% used [0x00000007bab00000,0x00000007bab00000,0x00000007bc380000)
  from space 2048K, 80% used [0x00000007bc380000,0x00000007bc51b390,0x00000007bc580000)
  to   space 2048K, 0% used [0x00000007bc780000,0x00000007bc780000,0x00000007bc980000)
 ParOldGen       total 114688K, used 114288K [0x00000007b0000000, 0x00000007b7000000, 0x00000007bab00000)
  object space 114688K, 99% used [0x00000007b0000000,0x00000007b6f9c048,0x00000007b7000000)
 Metaspace       used 49106K, capacity 52984K, committed 53248K, reserved 1093632K
  class space    used 7312K, capacity 8410K, committed 8448K, reserved 1048576K
Event: 3578.051 GC heap after
Heap after GC invocations=427 (full 6):
 PSYoungGen      total 27136K, used 0K [0x00000007bab00000, 0x00000007bc980000, 0x00000007c0000000)
  eden space 25088K, 0% used [0x00000007bab00000,0x00000007bab00000,0x00000007bc380000)
  from space 2048K, 0% used [0x00000007bc380000,0x00000007bc380000,0x00000007bc580000)
  to   space 2048K, 0% used [0x00000007bc780000,0x00000007bc780000,0x00000007bc980000)
 ParOldGen       total 98816K, used 43477K [0x00000007b0000000, 0x00000007b6080000, 0x00000007bab00000)
  object space 98816K, 43% used [0x00000007b0000000,0x00000007b2a75550,0x00000007b6080000)
 Metaspace       used 49023K, capacity 52846K, committed 53248K, reserved 1093632K
  class space    used 7299K, capacity 8387K, committed 8448K, reserved 1048576K
}

